<?xml version="1.0" encoding="UTF-8"?>
<!-- Generated by org.testng.reporters.JUnitReportReporter -->
<testsuite hostname="ARUNACHALAM" failures="0" tests="1" name="com.adactinhotelapp.tests.BookingConfirmationPageTest" time="6.185" errors="0" timestamp="2024-06-23T16:59:49 IST" skipped="0">
  <testcase classname="com.adactinhotelapp.tests.BookingConfirmationPageTest" name="BookingConfirmationTest" time="6.185"/>
  <system-out/>
</testsuite> <!-- com.adactinhotelapp.tests.BookingConfirmationPageTest -->
