<?xml version="1.0" encoding="UTF-8"?>
<!-- Generated by org.testng.reporters.JUnitReportReporter -->
<testsuite hostname="ARUNACHALAM" failures="0" tests="1" name="com.adactin.base.logintest.BaseLoginTest" time="6.459" errors="0" timestamp="2024-06-24T07:13:21 IST" skipped="0">
  <testcase classname="com.adactin.base.logintest.BaseLoginTest" name="loginAdactinHotelApp" time="6.459"/>
  <system-out/>
</testsuite> <!-- com.adactin.base.logintest.BaseLoginTest -->
