<?xml version="1.0" encoding="UTF-8"?>
<!-- Generated by org.testng.reporters.JUnitReportReporter -->
<testsuite hostname="ARUNACHALAM" failures="0" tests="1" name="com.adactinhotelapp.tests.SearchHotelPageTest" time="1.999" errors="0" timestamp="2024-06-23T16:59:49 IST" skipped="0">
  <testcase classname="com.adactinhotelapp.tests.SearchHotelPageTest" name="searchHotelTest" time="1.999"/>
  <system-out/>
</testsuite> <!-- com.adactinhotelapp.tests.SearchHotelPageTest -->
