<?xml version="1.0" encoding="UTF-8"?>
<!-- Generated by org.testng.reporters.JUnitReportReporter -->
<testsuite hostname="ARUNACHALAM" failures="0" tests="1" name="com.adactinhotelapp.qa.test.SearchHotelPageTest" time="2.833" errors="0" timestamp="2024-06-24T13:34:33 IST" skipped="0">
  <testcase classname="com.adactinhotelapp.qa.test.SearchHotelPageTest" name="searchHotelTest" time="2.833"/>
  <system-out/>
</testsuite> <!-- com.adactinhotelapp.qa.test.SearchHotelPageTest -->
