<?xml version="1.0" encoding="UTF-8"?>
<!-- Generated by org.testng.reporters.JUnitReportReporter -->
<testsuite hostname="ARUNACHALAM" failures="0" tests="1" name="com.adactinhotelapp.qa.test.SelectHotelPageTest" time="1.050" errors="0" timestamp="2024-06-24T13:34:33 IST" skipped="0">
  <testcase classname="com.adactinhotelapp.qa.test.SelectHotelPageTest" name="selectHotelTest" time="1.050"/>
  <system-out/>
</testsuite> <!-- com.adactinhotelapp.qa.test.SelectHotelPageTest -->
