<?xml version="1.0" encoding="UTF-8"?>
<!-- Generated by org.testng.reporters.JUnitReportReporter -->
<testsuite hostname="ARUNACHALAM" failures="0" tests="1" name="com.adactinhotelapp.tests.BookAHotelPageTest" time="0.924" errors="0" timestamp="2024-06-23T16:59:49 IST" skipped="0">
  <testcase classname="com.adactinhotelapp.tests.BookAHotelPageTest" name="BookAHotelTest" time="0.924"/>
  <system-out/>
</testsuite> <!-- com.adactinhotelapp.tests.BookAHotelPageTest -->
